{
  "RSpec": {
    "coverage": {
      "/Users/gadishazerari/Projects/bank_tech_test/spec/account_spec.rb": [
        1,
        null,
        1,
        6,
        null,
        1,
        1,
        null,
        null,
        1,
        1,
        4,
        null,
        null,
        1,
        4,
        null,
        null,
        null,
        1,
        1,
        1,
        null,
        null,
        1,
        1,
        1,
        1,
        null,
        null,
        1,
        1,
        1,
        1,
        null,
        null,
        null
      ],
      "/Users/gadishazerari/Projects/bank_tech_test/lib/account.rb": [
        1,
        null,
        1,
        1,
        null,
        1,
        6,
        6,
        null,
        null,
        1,
        7,
        7,
        null,
        null,
        1,
        3,
        null,
        null
      ],
      "/Users/gadishazerari/Projects/bank_tech_test/lib/statement.rb": [
        1,
        1,
        null,
        1,
        6,
        null,
        null,
        1,
        3,
        null,
        null,
        1,
        3,
        3,
        5,
        3,
        null,
        2,
        null,
        null,
        null,
        null
      ],
      "/Users/gadishazerari/Projects/bank_tech_test/spec/statement_spec.rb": [
        1
      ]
    },
    "timestamp": 1526905927
  }
}
